--------------- Build Started: 07/04/2017 10:26:14 Project: BootLoadable, Configuration: ARM GCC 5.4-2016-q2-update Debug ---------------
The code generation step is up to date.
arm-none-eabi-gcc.exe -c freertos\os_resource.c -o .\CortexM3\ARM_GCC_541\Debug\os_resource.o -mcpu=cortex-m3 -mthumb -I.\freertos\config -I.\freertos\include -I. -IGenerated_Source\PSoC5 -Wa,-alh=.\CortexM3\ARM_GCC_541\Debug/os_resource.lst -g -D DEBUG -D CY_CORE_ID=0 -Wall -ffunction-sections -ffat-lto-objects -Og
arm-none-eabi-gcc.exe -c freertos\croutine.c -o .\CortexM3\ARM_GCC_541\Debug\croutine.o -mcpu=cortex-m3 -mthumb -I.\freertos\config -I.\freertos\include -I. -IGenerated_Source\PSoC5 -Wa,-alh=.\CortexM3\ARM_GCC_541\Debug/croutine.lst -g -D DEBUG -D CY_CORE_ID=0 -Wall -ffunction-sections -ffat-lto-objects -Og
arm-none-eabi-gcc.exe -c freertos\event_groups.c -o .\CortexM3\ARM_GCC_541\Debug\event_groups.o -mcpu=cortex-m3 -mthumb -I.\freertos\config -I.\freertos\include -I. -IGenerated_Source\PSoC5 -Wa,-alh=.\CortexM3\ARM_GCC_541\Debug/event_groups.lst -g -D DEBUG -D CY_CORE_ID=0 -Wall -ffunction-sections -ffat-lto-objects -Og
arm-none-eabi-gcc.exe -c freertos\heap_2.c -o .\CortexM3\ARM_GCC_541\Debug\heap_2.o -mcpu=cortex-m3 -mthumb -I.\freertos\config -I.\freertos\include -I. -IGenerated_Source\PSoC5 -Wa,-alh=.\CortexM3\ARM_GCC_541\Debug/heap_2.lst -g -D DEBUG -D CY_CORE_ID=0 -Wall -ffunction-sections -ffat-lto-objects -Og
arm-none-eabi-gcc.exe -c freertos\list.c -o .\CortexM3\ARM_GCC_541\Debug\list.o -mcpu=cortex-m3 -mthumb -I.\freertos\config -I.\freertos\include -I. -IGenerated_Source\PSoC5 -Wa,-alh=.\CortexM3\ARM_GCC_541\Debug/list.lst -g -D DEBUG -D CY_CORE_ID=0 -Wall -ffunction-sections -ffat-lto-objects -Og
arm-none-eabi-gcc.exe -c freertos\port.c -o .\CortexM3\ARM_GCC_541\Debug\port.o -mcpu=cortex-m3 -mthumb -I.\freertos\config -I.\freertos\include -I. -IGenerated_Source\PSoC5 -Wa,-alh=.\CortexM3\ARM_GCC_541\Debug/port.lst -g -D DEBUG -D CY_CORE_ID=0 -Wall -ffunction-sections -ffat-lto-objects -Og
arm-none-eabi-gcc.exe -c freertos\queue.c -o .\CortexM3\ARM_GCC_541\Debug\queue.o -mcpu=cortex-m3 -mthumb -I.\freertos\config -I.\freertos\include -I. -IGenerated_Source\PSoC5 -Wa,-alh=.\CortexM3\ARM_GCC_541\Debug/queue.lst -g -D DEBUG -D CY_CORE_ID=0 -Wall -ffunction-sections -ffat-lto-objects -Og
arm-none-eabi-gcc.exe -c freertos\tasks.c -o .\CortexM3\ARM_GCC_541\Debug\tasks.o -mcpu=cortex-m3 -mthumb -I.\freertos\config -I.\freertos\include -I. -IGenerated_Source\PSoC5 -Wa,-alh=.\CortexM3\ARM_GCC_541\Debug/tasks.lst -g -D DEBUG -D CY_CORE_ID=0 -Wall -ffunction-sections -ffat-lto-objects -Og
arm-none-eabi-gcc.exe -c freertos\timers.c -o .\CortexM3\ARM_GCC_541\Debug\timers.o -mcpu=cortex-m3 -mthumb -I.\freertos\config -I.\freertos\include -I. -IGenerated_Source\PSoC5 -Wa,-alh=.\CortexM3\ARM_GCC_541\Debug/timers.lst -g -D DEBUG -D CY_CORE_ID=0 -Wall -ffunction-sections -ffat-lto-objects -Og
arm-none-eabi-gcc.exe -c main.c -o .\CortexM3\ARM_GCC_541\Debug\main.o -mcpu=cortex-m3 -mthumb -I.\freertos\config -I.\freertos\include -I. -IGenerated_Source\PSoC5 -Wa,-alh=.\CortexM3\ARM_GCC_541\Debug/main.lst -g -D DEBUG -D CY_CORE_ID=0 -Wall -ffunction-sections -ffat-lto-objects -Og
arm-none-eabi-ar.exe -rs .\CortexM3\ARM_GCC_541\Debug\BootLoadable.a .\CortexM3\ARM_GCC_541\Debug\CyDmac.o .\CortexM3\ARM_GCC_541\Debug\CyFlash.o .\CortexM3\ARM_GCC_541\Debug\CyLib.o .\CortexM3\ARM_GCC_541\Debug\cyPm.o .\CortexM3\ARM_GCC_541\Debug\CySpc.o .\CortexM3\ARM_GCC_541\Debug\cyutils.o .\CortexM3\ARM_GCC_541\Debug\uart_wifi.o .\CortexM3\ARM_GCC_541\Debug\uart_wifi_PM.o .\CortexM3\ARM_GCC_541\Debug\uart_wifi_INT.o .\CortexM3\ARM_GCC_541\Debug\uart_wifi_BOOT.o .\CortexM3\ARM_GCC_541\Debug\wifi_enable.o .\CortexM3\ARM_GCC_541\Debug\wifi_reset.o .\CortexM3\ARM_GCC_541\Debug\uart_wifi_IntClock.o .\CortexM3\ARM_GCC_541\Debug\led_user.o .\CortexM3\ARM_GCC_541\Debug\switch_user.o .\CortexM3\ARM_GCC_541\Debug\CyBootAsmGnu.o
arm-none-eabi-ar.exe: creating .\CortexM3\ARM_GCC_541\Debug\BootLoadable.a
arm-none-eabi-gcc.exe -Wl,--start-group -o C:\Users\Raioz7\Documents\Raioz-USA\Cypress\Projects\FreeSoC2\IoT\IOTsoC_BL\BootLoadable.cydsn\CortexM3\ARM_GCC_541\Debug\BootLoadable.elf .\CortexM3\ARM_GCC_541\Debug\os_resource.o .\CortexM3\ARM_GCC_541\Debug\croutine.o .\CortexM3\ARM_GCC_541\Debug\event_groups.o .\CortexM3\ARM_GCC_541\Debug\heap_2.o .\CortexM3\ARM_GCC_541\Debug\list.o .\CortexM3\ARM_GCC_541\Debug\port.o .\CortexM3\ARM_GCC_541\Debug\queue.o .\CortexM3\ARM_GCC_541\Debug\tasks.o .\CortexM3\ARM_GCC_541\Debug\timers.o .\CortexM3\ARM_GCC_541\Debug\main.o .\CortexM3\ARM_GCC_541\Debug\cyfitter_cfg.o .\CortexM3\ARM_GCC_541\Debug\cymetadata.o .\CortexM3\ARM_GCC_541\Debug\Cm3Start.o .\CortexM3\ARM_GCC_541\Debug\BootLoadable.a "C:\Program Files (x86)\Cypress\PSoC Creator\4.1\PSoC Creator\psoc\content\cycomponentlibrary\CyComponentLibrary.cylib\CortexM3\ARM_GCC_541\Debug\CyComponentLibrary.a" -mcpu=cortex-m3 -mthumb -L Generated_Source\PSoC5 -L .\freertos\config -L .\freertos\include -Wl,-Map,.\CortexM3\ARM_GCC_541\Debug/BootLoadable.map -T Generated_Source\PSoC5\cm3gcc.ld -specs=nano.specs -Wl,--gc-sections -g -ffunction-sections -Og -ffat-lto-objects -Wl,--end-group
cyelftool.exe -C C:\Users\Raioz7\Documents\Raioz-USA\Cypress\Projects\FreeSoC2\IoT\IOTsoC_BL\BootLoadable.cydsn\CortexM3\ARM_GCC_541\Debug\BootLoadable.elf --flash_row_size 256 --flash_size 262144 --flash_offset 0x00000000
cyelftool.exe -S C:\Users\Raioz7\Documents\Raioz-USA\Cypress\Projects\FreeSoC2\IoT\IOTsoC_BL\BootLoadable.cydsn\CortexM3\ARM_GCC_541\Debug\BootLoadable.elf
Flash used: 4182 of 262144 bytes (1.6 %).
SRAM used: 34449 of 65536 bytes (52.6 %). Stack: 1024 bytes. Heap: 0 bytes.
--------------- Build Succeeded: 07/04/2017 10:26:41 ---------------
